The target system is: Arduino -  - 
The host system is: Linux - 4.15.0-64-generic - x86_64
Compiling the C compiler identification source file "CMakeCCompilerId.c" succeeded.
Compiler: /usr/bin/avr-gcc 
Build flags: 
Id flags: 

The output was:
0


Compilation of the C compiler identification source "CMakeCCompilerId.c" produced "a.out"

The C compiler identification is GNU, found in "/home/myride/myRide/oscc/firmware/bld_2/CMakeFiles/3.5.1/CompilerIdC/a.out"

Compiling the CXX compiler identification source file "CMakeCXXCompilerId.cpp" succeeded.
Compiler: /usr/bin/avr-g++ 
Build flags: 
Id flags: 

The output was:
0


Compilation of the CXX compiler identification source "CMakeCXXCompilerId.cpp" produced "a.out"

The CXX compiler identification is GNU, found in "/home/myride/myRide/oscc/firmware/bld_2/CMakeFiles/3.5.1/CompilerIdCXX/a.out"

Determining if the C compiler works passed with the following output:
Change Dir: /home/myride/myRide/oscc/firmware/bld_2/CMakeFiles/CMakeTmp

Run Build Command:"/usr/bin/make" "cmTC_427ca/fast"
/usr/bin/make -f CMakeFiles/cmTC_427ca.dir/build.make CMakeFiles/cmTC_427ca.dir/build
make[1]: Entering directory '/home/myride/myRide/oscc/firmware/bld_2/CMakeFiles/CMakeTmp'
Building C object CMakeFiles/cmTC_427ca.dir/testCCompiler.c.obj
/usr/bin/avr-gcc    -g -Os       -mcall-prologues -ffunction-sections -fdata-sections    -o CMakeFiles/cmTC_427ca.dir/testCCompiler.c.obj   -c /home/myride/myRide/oscc/firmware/bld_2/CMakeFiles/CMakeTmp/testCCompiler.c
Linking C executable cmTC_427ca
/usr/bin/cmake -E cmake_link_script CMakeFiles/cmTC_427ca.dir/link.txt --verbose=1
/usr/bin/avr-gcc  -g -Os       -mcall-prologues -ffunction-sections -fdata-sections   -Wl,--gc-sections -lm  CMakeFiles/cmTC_427ca.dir/testCCompiler.c.obj  -o cmTC_427ca  
make[1]: Leaving directory '/home/myride/myRide/oscc/firmware/bld_2/CMakeFiles/CMakeTmp'


Detecting C compiler ABI info compiled with the following output:
Change Dir: /home/myride/myRide/oscc/firmware/bld_2/CMakeFiles/CMakeTmp

Run Build Command:"/usr/bin/make" "cmTC_88820/fast"
/usr/bin/make -f CMakeFiles/cmTC_88820.dir/build.make CMakeFiles/cmTC_88820.dir/build
make[1]: Entering directory '/home/myride/myRide/oscc/firmware/bld_2/CMakeFiles/CMakeTmp'
Building C object CMakeFiles/cmTC_88820.dir/CMakeCCompilerABI.c.obj
/usr/bin/avr-gcc    -g -Os       -mcall-prologues -ffunction-sections -fdata-sections    -o CMakeFiles/cmTC_88820.dir/CMakeCCompilerABI.c.obj   -c /usr/share/cmake-3.5/Modules/CMakeCCompilerABI.c
Linking C executable cmTC_88820
/usr/bin/cmake -E cmake_link_script CMakeFiles/cmTC_88820.dir/link.txt --verbose=1
/usr/bin/avr-gcc  -g -Os       -mcall-prologues -ffunction-sections -fdata-sections   -Wl,--gc-sections -lm -v CMakeFiles/cmTC_88820.dir/CMakeCCompilerABI.c.obj  -o cmTC_88820   
Using built-in specs.
Reading specs from /usr/lib/gcc/avr/4.9.2/device-specs/specs-avr2
COLLECT_GCC=/usr/bin/avr-gcc
COLLECT_LTO_WRAPPER=/usr/lib/gcc/avr/4.9.2/lto-wrapper
Target: avr
Configured with: ../src/configure -v --enable-languages=c,c++ --prefix=/usr/lib --infodir=/usr/share/info --mandir=/usr/share/man --bindir=/usr/bin --libexecdir=/usr/lib --libdir=/usr/lib --enable-shared --with-system-zlib --enable-long-long --enable-nls --without-included-gettext --disable-libssp --build=x86_64-linux-gnu --host=x86_64-linux-gnu --target=avr CFLAGS='-g -O2 -fstack-protector-strong -Wformat ' CPPFLAGS=-D_FORTIFY_SOURCE=2 CXXFLAGS='-g -O2 -fstack-protector-strong -Wformat ' FCFLAGS='-g -O2 -fstack-protector-strong' FFLAGS='-g -O2 -fstack-protector-strong' GCJFLAGS='-g -O2 -fstack-protector-strong' LDFLAGS='-Wl,-Bsymbolic-functions -Wl,-z,relro' OBJCFLAGS='-g -O2 -fstack-protector-strong -Wformat ' OBJCXXFLAGS='-g -O2 -fstack-protector-strong -Wformat '
Thread model: single
gcc version 4.9.2 (GCC) 
COMPILER_PATH=/usr/lib/gcc/avr/4.9.2/:/usr/lib/gcc/avr/4.9.2/:/usr/lib/gcc/avr/:/usr/lib/gcc/avr/4.9.2/:/usr/lib/gcc/avr/:/usr/lib/gcc/avr/4.9.2/../../../avr/bin/
LIBRARY_PATH=/usr/lib/gcc/avr/4.9.2/:/usr/lib/gcc/avr/4.9.2/../../../avr/lib/
COLLECT_GCC_OPTIONS='-g' '-Os' '-mcall-prologues' '-ffunction-sections' '-fdata-sections' '-v' '-o' 'cmTC_88820' '-specs=device-specs/specs-avr2'
 /usr/lib/gcc/avr/4.9.2/collect2 -plugin /usr/lib/gcc/avr/4.9.2/liblto_plugin.so -plugin-opt=/usr/lib/gcc/avr/4.9.2/lto-wrapper -plugin-opt=-fresolution=/tmp/ccs7g6tS.res -plugin-opt=-pass-through=-lgcc -plugin-opt=-pass-through=-lm -plugin-opt=-pass-through=-lc -o cmTC_88820 -L/usr/lib/gcc/avr/4.9.2 -L/usr/lib/gcc/avr/4.9.2/../../../avr/lib --gc-sections -lm CMakeFiles/cmTC_88820.dir/CMakeCCompilerABI.c.obj --start-group -lgcc -lm -lc --end-group
make[1]: Leaving directory '/home/myride/myRide/oscc/firmware/bld_2/CMakeFiles/CMakeTmp'


Parsed C implicit link information from above output:
  link line regex: [^( *|.*[/\])(avr-ld|([^/\]+-)?ld|collect2)[^/\]*( |$)]
  ignore line: [Change Dir: /home/myride/myRide/oscc/firmware/bld_2/CMakeFiles/CMakeTmp]
  ignore line: []
  ignore line: [Run Build Command:"/usr/bin/make" "cmTC_88820/fast"]
  ignore line: [/usr/bin/make -f CMakeFiles/cmTC_88820.dir/build.make CMakeFiles/cmTC_88820.dir/build]
  ignore line: [make[1]: Entering directory '/home/myride/myRide/oscc/firmware/bld_2/CMakeFiles/CMakeTmp']
  ignore line: [Building C object CMakeFiles/cmTC_88820.dir/CMakeCCompilerABI.c.obj]
  ignore line: [/usr/bin/avr-gcc    -g -Os       -mcall-prologues -ffunction-sections -fdata-sections    -o CMakeFiles/cmTC_88820.dir/CMakeCCompilerABI.c.obj   -c /usr/share/cmake-3.5/Modules/CMakeCCompilerABI.c]
  ignore line: [Linking C executable cmTC_88820]
  ignore line: [/usr/bin/cmake -E cmake_link_script CMakeFiles/cmTC_88820.dir/link.txt --verbose=1]
  ignore line: [/usr/bin/avr-gcc  -g -Os       -mcall-prologues -ffunction-sections -fdata-sections   -Wl,--gc-sections -lm -v CMakeFiles/cmTC_88820.dir/CMakeCCompilerABI.c.obj  -o cmTC_88820   ]
  ignore line: [Using built-in specs.]
  ignore line: [Reading specs from /usr/lib/gcc/avr/4.9.2/device-specs/specs-avr2]
  ignore line: [COLLECT_GCC=/usr/bin/avr-gcc]
  ignore line: [COLLECT_LTO_WRAPPER=/usr/lib/gcc/avr/4.9.2/lto-wrapper]
  ignore line: [Target: avr]
  ignore line: [Configured with: ../src/configure -v --enable-languages=c,c++ --prefix=/usr/lib --infodir=/usr/share/info --mandir=/usr/share/man --bindir=/usr/bin --libexecdir=/usr/lib --libdir=/usr/lib --enable-shared --with-system-zlib --enable-long-long --enable-nls --without-included-gettext --disable-libssp --build=x86_64-linux-gnu --host=x86_64-linux-gnu --target=avr CFLAGS='-g -O2 -fstack-protector-strong -Wformat ' CPPFLAGS=-D_FORTIFY_SOURCE=2 CXXFLAGS='-g -O2 -fstack-protector-strong -Wformat ' FCFLAGS='-g -O2 -fstack-protector-strong' FFLAGS='-g -O2 -fstack-protector-strong' GCJFLAGS='-g -O2 -fstack-protector-strong' LDFLAGS='-Wl,-Bsymbolic-functions -Wl,-z,relro' OBJCFLAGS='-g -O2 -fstack-protector-strong -Wformat ' OBJCXXFLAGS='-g -O2 -fstack-protector-strong -Wformat ']
  ignore line: [Thread model: single]
  ignore line: [gcc version 4.9.2 (GCC) ]
  ignore line: [COMPILER_PATH=/usr/lib/gcc/avr/4.9.2/:/usr/lib/gcc/avr/4.9.2/:/usr/lib/gcc/avr/:/usr/lib/gcc/avr/4.9.2/:/usr/lib/gcc/avr/:/usr/lib/gcc/avr/4.9.2/../../../avr/bin/]
  ignore line: [LIBRARY_PATH=/usr/lib/gcc/avr/4.9.2/:/usr/lib/gcc/avr/4.9.2/../../../avr/lib/]
  ignore line: [COLLECT_GCC_OPTIONS='-g' '-Os' '-mcall-prologues' '-ffunction-sections' '-fdata-sections' '-v' '-o' 'cmTC_88820' '-specs=device-specs/specs-avr2']
  link line: [ /usr/lib/gcc/avr/4.9.2/collect2 -plugin /usr/lib/gcc/avr/4.9.2/liblto_plugin.so -plugin-opt=/usr/lib/gcc/avr/4.9.2/lto-wrapper -plugin-opt=-fresolution=/tmp/ccs7g6tS.res -plugin-opt=-pass-through=-lgcc -plugin-opt=-pass-through=-lm -plugin-opt=-pass-through=-lc -o cmTC_88820 -L/usr/lib/gcc/avr/4.9.2 -L/usr/lib/gcc/avr/4.9.2/../../../avr/lib --gc-sections -lm CMakeFiles/cmTC_88820.dir/CMakeCCompilerABI.c.obj --start-group -lgcc -lm -lc --end-group]
    arg [/usr/lib/gcc/avr/4.9.2/collect2] ==> ignore
    arg [-plugin] ==> ignore
    arg [/usr/lib/gcc/avr/4.9.2/liblto_plugin.so] ==> ignore
    arg [-plugin-opt=/usr/lib/gcc/avr/4.9.2/lto-wrapper] ==> ignore
    arg [-plugin-opt=-fresolution=/tmp/ccs7g6tS.res] ==> ignore
    arg [-plugin-opt=-pass-through=-lgcc] ==> ignore
    arg [-plugin-opt=-pass-through=-lm] ==> ignore
    arg [-plugin-opt=-pass-through=-lc] ==> ignore
    arg [-o] ==> ignore
    arg [cmTC_88820] ==> ignore
    arg [-L/usr/lib/gcc/avr/4.9.2] ==> dir [/usr/lib/gcc/avr/4.9.2]
    arg [-L/usr/lib/gcc/avr/4.9.2/../../../avr/lib] ==> dir [/usr/lib/gcc/avr/4.9.2/../../../avr/lib]
    arg [--gc-sections] ==> ignore
    arg [-lm] ==> lib [m]
    arg [CMakeFiles/cmTC_88820.dir/CMakeCCompilerABI.c.obj] ==> ignore
    arg [--start-group] ==> ignore
    arg [-lgcc] ==> lib [gcc]
    arg [-lm] ==> lib [m]
    arg [-lc] ==> lib [c]
    arg [--end-group] ==> ignore
  remove lib [gcc]
  collapse library dir [/usr/lib/gcc/avr/4.9.2] ==> [/usr/lib/gcc/avr/4.9.2]
  collapse library dir [/usr/lib/gcc/avr/4.9.2/../../../avr/lib] ==> [/usr/lib/avr/lib]
  implicit libs: [m;m;c]
  implicit dirs: [/usr/lib/gcc/avr/4.9.2;/usr/lib/avr/lib]
  implicit fwks: []




Detecting C [-std=c11] compiler features compiled with the following output:
Change Dir: /home/myride/myRide/oscc/firmware/bld_2/CMakeFiles/CMakeTmp

Run Build Command:"/usr/bin/make" "cmTC_45e1e/fast"
/usr/bin/make -f CMakeFiles/cmTC_45e1e.dir/build.make CMakeFiles/cmTC_45e1e.dir/build
make[1]: Entering directory '/home/myride/myRide/oscc/firmware/bld_2/CMakeFiles/CMakeTmp'
Building C object CMakeFiles/cmTC_45e1e.dir/feature_tests.c.obj
/usr/bin/avr-gcc    -g -Os       -mcall-prologues -ffunction-sections -fdata-sections    -std=c11 -o CMakeFiles/cmTC_45e1e.dir/feature_tests.c.obj   -c /home/myride/myRide/oscc/firmware/bld_2/CMakeFiles/feature_tests.c
Linking C executable cmTC_45e1e
/usr/bin/cmake -E cmake_link_script CMakeFiles/cmTC_45e1e.dir/link.txt --verbose=1
/usr/bin/avr-gcc  -g -Os       -mcall-prologues -ffunction-sections -fdata-sections   -Wl,--gc-sections -lm  CMakeFiles/cmTC_45e1e.dir/feature_tests.c.obj  -o cmTC_45e1e  
make[1]: Leaving directory '/home/myride/myRide/oscc/firmware/bld_2/CMakeFiles/CMakeTmp'




Detecting C [-std=c99] compiler features compiled with the following output:
Change Dir: /home/myride/myRide/oscc/firmware/bld_2/CMakeFiles/CMakeTmp

Run Build Command:"/usr/bin/make" "cmTC_b1056/fast"
/usr/bin/make -f CMakeFiles/cmTC_b1056.dir/build.make CMakeFiles/cmTC_b1056.dir/build
make[1]: Entering directory '/home/myride/myRide/oscc/firmware/bld_2/CMakeFiles/CMakeTmp'
Building C object CMakeFiles/cmTC_b1056.dir/feature_tests.c.obj
/usr/bin/avr-gcc    -g -Os       -mcall-prologues -ffunction-sections -fdata-sections    -std=c99 -o CMakeFiles/cmTC_b1056.dir/feature_tests.c.obj   -c /home/myride/myRide/oscc/firmware/bld_2/CMakeFiles/feature_tests.c
Linking C executable cmTC_b1056
/usr/bin/cmake -E cmake_link_script CMakeFiles/cmTC_b1056.dir/link.txt --verbose=1
/usr/bin/avr-gcc  -g -Os       -mcall-prologues -ffunction-sections -fdata-sections   -Wl,--gc-sections -lm  CMakeFiles/cmTC_b1056.dir/feature_tests.c.obj  -o cmTC_b1056  
make[1]: Leaving directory '/home/myride/myRide/oscc/firmware/bld_2/CMakeFiles/CMakeTmp'




Detecting C [-std=c90] compiler features compiled with the following output:
Change Dir: /home/myride/myRide/oscc/firmware/bld_2/CMakeFiles/CMakeTmp

Run Build Command:"/usr/bin/make" "cmTC_4bf23/fast"
/usr/bin/make -f CMakeFiles/cmTC_4bf23.dir/build.make CMakeFiles/cmTC_4bf23.dir/build
make[1]: Entering directory '/home/myride/myRide/oscc/firmware/bld_2/CMakeFiles/CMakeTmp'
Building C object CMakeFiles/cmTC_4bf23.dir/feature_tests.c.obj
/usr/bin/avr-gcc    -g -Os       -mcall-prologues -ffunction-sections -fdata-sections    -std=c90 -o CMakeFiles/cmTC_4bf23.dir/feature_tests.c.obj   -c /home/myride/myRide/oscc/firmware/bld_2/CMakeFiles/feature_tests.c
Linking C executable cmTC_4bf23
/usr/bin/cmake -E cmake_link_script CMakeFiles/cmTC_4bf23.dir/link.txt --verbose=1
/usr/bin/avr-gcc  -g -Os       -mcall-prologues -ffunction-sections -fdata-sections   -Wl,--gc-sections -lm  CMakeFiles/cmTC_4bf23.dir/feature_tests.c.obj  -o cmTC_4bf23  
make[1]: Leaving directory '/home/myride/myRide/oscc/firmware/bld_2/CMakeFiles/CMakeTmp'


Determining if the CXX compiler works passed with the following output:
Change Dir: /home/myride/myRide/oscc/firmware/bld_2/CMakeFiles/CMakeTmp

Run Build Command:"/usr/bin/make" "cmTC_81ba3/fast"
/usr/bin/make -f CMakeFiles/cmTC_81ba3.dir/build.make CMakeFiles/cmTC_81ba3.dir/build
make[1]: Entering directory '/home/myride/myRide/oscc/firmware/bld_2/CMakeFiles/CMakeTmp'
Building CXX object CMakeFiles/cmTC_81ba3.dir/testCXXCompiler.cxx.obj
/usr/bin/avr-g++     -g -Os        -fno-exceptions    -o CMakeFiles/cmTC_81ba3.dir/testCXXCompiler.cxx.obj -c /home/myride/myRide/oscc/firmware/bld_2/CMakeFiles/CMakeTmp/testCXXCompiler.cxx
Linking CXX executable cmTC_81ba3
/usr/bin/cmake -E cmake_link_script CMakeFiles/cmTC_81ba3.dir/link.txt --verbose=1
/usr/bin/avr-g++   -g -Os        -fno-exceptions   -Wl,--gc-sections -lm  CMakeFiles/cmTC_81ba3.dir/testCXXCompiler.cxx.obj  -o cmTC_81ba3  
make[1]: Leaving directory '/home/myride/myRide/oscc/firmware/bld_2/CMakeFiles/CMakeTmp'


Detecting CXX compiler ABI info compiled with the following output:
Change Dir: /home/myride/myRide/oscc/firmware/bld_2/CMakeFiles/CMakeTmp

Run Build Command:"/usr/bin/make" "cmTC_958a9/fast"
/usr/bin/make -f CMakeFiles/cmTC_958a9.dir/build.make CMakeFiles/cmTC_958a9.dir/build
make[1]: Entering directory '/home/myride/myRide/oscc/firmware/bld_2/CMakeFiles/CMakeTmp'
Building CXX object CMakeFiles/cmTC_958a9.dir/CMakeCXXCompilerABI.cpp.obj
/usr/bin/avr-g++     -g -Os        -fno-exceptions    -o CMakeFiles/cmTC_958a9.dir/CMakeCXXCompilerABI.cpp.obj -c /usr/share/cmake-3.5/Modules/CMakeCXXCompilerABI.cpp
Linking CXX executable cmTC_958a9
/usr/bin/cmake -E cmake_link_script CMakeFiles/cmTC_958a9.dir/link.txt --verbose=1
/usr/bin/avr-g++   -g -Os        -fno-exceptions   -Wl,--gc-sections -lm -v CMakeFiles/cmTC_958a9.dir/CMakeCXXCompilerABI.cpp.obj  -o cmTC_958a9   
Using built-in specs.
Reading specs from /usr/lib/gcc/avr/4.9.2/device-specs/specs-avr2
COLLECT_GCC=/usr/bin/avr-g++
COLLECT_LTO_WRAPPER=/usr/lib/gcc/avr/4.9.2/lto-wrapper
Target: avr
Configured with: ../src/configure -v --enable-languages=c,c++ --prefix=/usr/lib --infodir=/usr/share/info --mandir=/usr/share/man --bindir=/usr/bin --libexecdir=/usr/lib --libdir=/usr/lib --enable-shared --with-system-zlib --enable-long-long --enable-nls --without-included-gettext --disable-libssp --build=x86_64-linux-gnu --host=x86_64-linux-gnu --target=avr CFLAGS='-g -O2 -fstack-protector-strong -Wformat ' CPPFLAGS=-D_FORTIFY_SOURCE=2 CXXFLAGS='-g -O2 -fstack-protector-strong -Wformat ' FCFLAGS='-g -O2 -fstack-protector-strong' FFLAGS='-g -O2 -fstack-protector-strong' GCJFLAGS='-g -O2 -fstack-protector-strong' LDFLAGS='-Wl,-Bsymbolic-functions -Wl,-z,relro' OBJCFLAGS='-g -O2 -fstack-protector-strong -Wformat ' OBJCXXFLAGS='-g -O2 -fstack-protector-strong -Wformat '
Thread model: single
gcc version 4.9.2 (GCC) 
COMPILER_PATH=/usr/lib/gcc/avr/4.9.2/:/usr/lib/gcc/avr/4.9.2/:/usr/lib/gcc/avr/:/usr/lib/gcc/avr/4.9.2/:/usr/lib/gcc/avr/:/usr/lib/gcc/avr/4.9.2/../../../avr/bin/
LIBRARY_PATH=/usr/lib/gcc/avr/4.9.2/:/usr/lib/gcc/avr/4.9.2/../../../avr/lib/
COLLECT_GCC_OPTIONS='-g' '-Os' '-fno-exceptions' '-v' '-o' 'cmTC_958a9' '-specs=device-specs/specs-avr2'
 /usr/lib/gcc/avr/4.9.2/collect2 -plugin /usr/lib/gcc/avr/4.9.2/liblto_plugin.so -plugin-opt=/usr/lib/gcc/avr/4.9.2/lto-wrapper -plugin-opt=-fresolution=/tmp/ccBdZNoG.res -plugin-opt=-pass-through=-lgcc -plugin-opt=-pass-through=-lm -plugin-opt=-pass-through=-lc -o cmTC_958a9 -L/usr/lib/gcc/avr/4.9.2 -L/usr/lib/gcc/avr/4.9.2/../../../avr/lib --gc-sections CMakeFiles/cmTC_958a9.dir/CMakeCXXCompilerABI.cpp.obj -lgcc -lm --start-group -lgcc -lm -lc --end-group
make[1]: Leaving directory '/home/myride/myRide/oscc/firmware/bld_2/CMakeFiles/CMakeTmp'


Parsed CXX implicit link information from above output:
  link line regex: [^( *|.*[/\])(avr-ld|([^/\]+-)?ld|collect2)[^/\]*( |$)]
  ignore line: [Change Dir: /home/myride/myRide/oscc/firmware/bld_2/CMakeFiles/CMakeTmp]
  ignore line: []
  ignore line: [Run Build Command:"/usr/bin/make" "cmTC_958a9/fast"]
  ignore line: [/usr/bin/make -f CMakeFiles/cmTC_958a9.dir/build.make CMakeFiles/cmTC_958a9.dir/build]
  ignore line: [make[1]: Entering directory '/home/myride/myRide/oscc/firmware/bld_2/CMakeFiles/CMakeTmp']
  ignore line: [Building CXX object CMakeFiles/cmTC_958a9.dir/CMakeCXXCompilerABI.cpp.obj]
  ignore line: [/usr/bin/avr-g++     -g -Os        -fno-exceptions    -o CMakeFiles/cmTC_958a9.dir/CMakeCXXCompilerABI.cpp.obj -c /usr/share/cmake-3.5/Modules/CMakeCXXCompilerABI.cpp]
  ignore line: [Linking CXX executable cmTC_958a9]
  ignore line: [/usr/bin/cmake -E cmake_link_script CMakeFiles/cmTC_958a9.dir/link.txt --verbose=1]
  ignore line: [/usr/bin/avr-g++   -g -Os        -fno-exceptions   -Wl,--gc-sections -lm -v CMakeFiles/cmTC_958a9.dir/CMakeCXXCompilerABI.cpp.obj  -o cmTC_958a9   ]
  ignore line: [Using built-in specs.]
  ignore line: [Reading specs from /usr/lib/gcc/avr/4.9.2/device-specs/specs-avr2]
  ignore line: [COLLECT_GCC=/usr/bin/avr-g++]
  ignore line: [COLLECT_LTO_WRAPPER=/usr/lib/gcc/avr/4.9.2/lto-wrapper]
  ignore line: [Target: avr]
  ignore line: [Configured with: ../src/configure -v --enable-languages=c,c++ --prefix=/usr/lib --infodir=/usr/share/info --mandir=/usr/share/man --bindir=/usr/bin --libexecdir=/usr/lib --libdir=/usr/lib --enable-shared --with-system-zlib --enable-long-long --enable-nls --without-included-gettext --disable-libssp --build=x86_64-linux-gnu --host=x86_64-linux-gnu --target=avr CFLAGS='-g -O2 -fstack-protector-strong -Wformat ' CPPFLAGS=-D_FORTIFY_SOURCE=2 CXXFLAGS='-g -O2 -fstack-protector-strong -Wformat ' FCFLAGS='-g -O2 -fstack-protector-strong' FFLAGS='-g -O2 -fstack-protector-strong' GCJFLAGS='-g -O2 -fstack-protector-strong' LDFLAGS='-Wl,-Bsymbolic-functions -Wl,-z,relro' OBJCFLAGS='-g -O2 -fstack-protector-strong -Wformat ' OBJCXXFLAGS='-g -O2 -fstack-protector-strong -Wformat ']
  ignore line: [Thread model: single]
  ignore line: [gcc version 4.9.2 (GCC) ]
  ignore line: [COMPILER_PATH=/usr/lib/gcc/avr/4.9.2/:/usr/lib/gcc/avr/4.9.2/:/usr/lib/gcc/avr/:/usr/lib/gcc/avr/4.9.2/:/usr/lib/gcc/avr/:/usr/lib/gcc/avr/4.9.2/../../../avr/bin/]
  ignore line: [LIBRARY_PATH=/usr/lib/gcc/avr/4.9.2/:/usr/lib/gcc/avr/4.9.2/../../../avr/lib/]
  ignore line: [COLLECT_GCC_OPTIONS='-g' '-Os' '-fno-exceptions' '-v' '-o' 'cmTC_958a9' '-specs=device-specs/specs-avr2']
  link line: [ /usr/lib/gcc/avr/4.9.2/collect2 -plugin /usr/lib/gcc/avr/4.9.2/liblto_plugin.so -plugin-opt=/usr/lib/gcc/avr/4.9.2/lto-wrapper -plugin-opt=-fresolution=/tmp/ccBdZNoG.res -plugin-opt=-pass-through=-lgcc -plugin-opt=-pass-through=-lm -plugin-opt=-pass-through=-lc -o cmTC_958a9 -L/usr/lib/gcc/avr/4.9.2 -L/usr/lib/gcc/avr/4.9.2/../../../avr/lib --gc-sections CMakeFiles/cmTC_958a9.dir/CMakeCXXCompilerABI.cpp.obj -lgcc -lm --start-group -lgcc -lm -lc --end-group]
    arg [/usr/lib/gcc/avr/4.9.2/collect2] ==> ignore
    arg [-plugin] ==> ignore
    arg [/usr/lib/gcc/avr/4.9.2/liblto_plugin.so] ==> ignore
    arg [-plugin-opt=/usr/lib/gcc/avr/4.9.2/lto-wrapper] ==> ignore
    arg [-plugin-opt=-fresolution=/tmp/ccBdZNoG.res] ==> ignore
    arg [-plugin-opt=-pass-through=-lgcc] ==> ignore
    arg [-plugin-opt=-pass-through=-lm] ==> ignore
    arg [-plugin-opt=-pass-through=-lc] ==> ignore
    arg [-o] ==> ignore
    arg [cmTC_958a9] ==> ignore
    arg [-L/usr/lib/gcc/avr/4.9.2] ==> dir [/usr/lib/gcc/avr/4.9.2]
    arg [-L/usr/lib/gcc/avr/4.9.2/../../../avr/lib] ==> dir [/usr/lib/gcc/avr/4.9.2/../../../avr/lib]
    arg [--gc-sections] ==> ignore
    arg [CMakeFiles/cmTC_958a9.dir/CMakeCXXCompilerABI.cpp.obj] ==> ignore
    arg [-lgcc] ==> lib [gcc]
    arg [-lm] ==> lib [m]
    arg [--start-group] ==> ignore
    arg [-lgcc] ==> lib [gcc]
    arg [-lm] ==> lib [m]
    arg [-lc] ==> lib [c]
    arg [--end-group] ==> ignore
  remove lib [gcc]
  remove lib [gcc]
  collapse library dir [/usr/lib/gcc/avr/4.9.2] ==> [/usr/lib/gcc/avr/4.9.2]
  collapse library dir [/usr/lib/gcc/avr/4.9.2/../../../avr/lib] ==> [/usr/lib/avr/lib]
  implicit libs: [m;m;c]
  implicit dirs: [/usr/lib/gcc/avr/4.9.2;/usr/lib/avr/lib]
  implicit fwks: []




Detecting CXX [-std=c++14] compiler features compiled with the following output:
Change Dir: /home/myride/myRide/oscc/firmware/bld_2/CMakeFiles/CMakeTmp

Run Build Command:"/usr/bin/make" "cmTC_423a8/fast"
/usr/bin/make -f CMakeFiles/cmTC_423a8.dir/build.make CMakeFiles/cmTC_423a8.dir/build
make[1]: Entering directory '/home/myride/myRide/oscc/firmware/bld_2/CMakeFiles/CMakeTmp'
Building CXX object CMakeFiles/cmTC_423a8.dir/feature_tests.cxx.obj
/usr/bin/avr-g++     -g -Os        -fno-exceptions    -std=c++14 -o CMakeFiles/cmTC_423a8.dir/feature_tests.cxx.obj -c /home/myride/myRide/oscc/firmware/bld_2/CMakeFiles/feature_tests.cxx
Linking CXX executable cmTC_423a8
/usr/bin/cmake -E cmake_link_script CMakeFiles/cmTC_423a8.dir/link.txt --verbose=1
/usr/bin/avr-g++   -g -Os        -fno-exceptions   -Wl,--gc-sections -lm  CMakeFiles/cmTC_423a8.dir/feature_tests.cxx.obj  -o cmTC_423a8  
make[1]: Leaving directory '/home/myride/myRide/oscc/firmware/bld_2/CMakeFiles/CMakeTmp'




Detecting CXX [-std=c++11] compiler features compiled with the following output:
Change Dir: /home/myride/myRide/oscc/firmware/bld_2/CMakeFiles/CMakeTmp

Run Build Command:"/usr/bin/make" "cmTC_3db24/fast"
/usr/bin/make -f CMakeFiles/cmTC_3db24.dir/build.make CMakeFiles/cmTC_3db24.dir/build
make[1]: Entering directory '/home/myride/myRide/oscc/firmware/bld_2/CMakeFiles/CMakeTmp'
Building CXX object CMakeFiles/cmTC_3db24.dir/feature_tests.cxx.obj
/usr/bin/avr-g++     -g -Os        -fno-exceptions    -std=c++11 -o CMakeFiles/cmTC_3db24.dir/feature_tests.cxx.obj -c /home/myride/myRide/oscc/firmware/bld_2/CMakeFiles/feature_tests.cxx
Linking CXX executable cmTC_3db24
/usr/bin/cmake -E cmake_link_script CMakeFiles/cmTC_3db24.dir/link.txt --verbose=1
/usr/bin/avr-g++   -g -Os        -fno-exceptions   -Wl,--gc-sections -lm  CMakeFiles/cmTC_3db24.dir/feature_tests.cxx.obj  -o cmTC_3db24  
make[1]: Leaving directory '/home/myride/myRide/oscc/firmware/bld_2/CMakeFiles/CMakeTmp'




Detecting CXX [-std=c++98] compiler features compiled with the following output:
Change Dir: /home/myride/myRide/oscc/firmware/bld_2/CMakeFiles/CMakeTmp

Run Build Command:"/usr/bin/make" "cmTC_0dbba/fast"
/usr/bin/make -f CMakeFiles/cmTC_0dbba.dir/build.make CMakeFiles/cmTC_0dbba.dir/build
make[1]: Entering directory '/home/myride/myRide/oscc/firmware/bld_2/CMakeFiles/CMakeTmp'
Building CXX object CMakeFiles/cmTC_0dbba.dir/feature_tests.cxx.obj
/usr/bin/avr-g++     -g -Os        -fno-exceptions    -std=c++98 -o CMakeFiles/cmTC_0dbba.dir/feature_tests.cxx.obj -c /home/myride/myRide/oscc/firmware/bld_2/CMakeFiles/feature_tests.cxx
Linking CXX executable cmTC_0dbba
/usr/bin/cmake -E cmake_link_script CMakeFiles/cmTC_0dbba.dir/link.txt --verbose=1
/usr/bin/avr-g++   -g -Os        -fno-exceptions   -Wl,--gc-sections -lm  CMakeFiles/cmTC_0dbba.dir/feature_tests.cxx.obj  -o cmTC_0dbba  
make[1]: Leaving directory '/home/myride/myRide/oscc/firmware/bld_2/CMakeFiles/CMakeTmp'


